2017-06-01 23:17:06,669 - INFO - MIRI Simulation started.
2017-06-01 23:17:06,669 - INFO - Output will be saved to: 20170601_231706_mirisim
2017-06-01 23:17:06,669 - INFO - Storing configs in output directory.
2017-06-01 23:17:07,241 - INFO - Using $CDP_DIR for location of CDP files: /Users/kendrew//CDP
2017-06-01 23:17:07,271 - INFO - Reading cosmic ray properties from parameter file /Users/kendrew/anaconda/envs/miricle.devel/lib/python2.7/site-packages/miri/simulators/scasim/cosmic_ray_properties.py
2017-06-01 23:17:07,281 - INFO - Reading detector properties from parameter file /Users/kendrew/anaconda/envs/miricle.devel/lib/python2.7/site-packages/miri/simulators/scasim/detector_properties.py
2017-06-01 23:17:07,342 - INFO - Setting up simulated Observation, with following settings:
2017-06-01 23:17:07,342 - INFO - Configuration Path: LRS_SLITLESS
2017-06-01 23:17:07,342 - INFO - Primary optical path: IMA
2017-06-01 23:17:07,342 - INFO - IMA Filter: P750L
2017-06-01 23:17:07,342 - INFO - IMA Subarray: SLITLESSPRISM
2017-06-01 23:17:07,342 - INFO - IMA detector readout mode: FAST
2017-06-01 23:17:07,342 - INFO - IMA detector # exposures: 1
2017-06-01 23:17:07,343 - INFO - IMA detector # integrations: 1
2017-06-01 23:17:07,343 - INFO - IMA detector # frames: 100
2017-06-01 23:17:07,343 - INFO - Parsing: point_1
2017-06-01 23:17:07,343 - INFO - Initializing Point
2017-06-01 23:17:07,343 - INFO - Parameter 'flux' from the scene config is not among the init parameters of class BBSed
2017-06-01 23:17:07,343 - INFO - Parameter 'wref' from the scene config is not among the init parameters of class BBSed
2017-06-01 23:17:07,343 - INFO - Parsing: Background
2017-06-01 23:17:07,344 - INFO - Initializing Background
2017-06-01 23:17:07,345 - INFO - Simulating a single pointing.
2017-06-01 23:17:13,325 - INFO - Reading 'DISTORTION' model from '/Users/kendrew//CDP/MIRI_FM_MIRIMAGE_P750L_DISTORTION_06.02.00.fits'
2017-06-01 23:17:13,634 - INFO - Reading 'DISTORTION' model from '/Users/kendrew//CDP/MIRI_FM_MIRIMAGE_DISTORTION_7B.03.00.fits'
2017-06-01 23:17:14,144 - INFO - Reading 'DISTORTION' model from '/Users/kendrew//CDP/MIRI_FM_MIRIMAGE_DISTORTION_7B.03.00.fits'
2017-06-01 23:17:14,632 - INFO - Reading 'DISTORTION' model from '/Users/kendrew//CDP/MIRI_FM_MIRIMAGE_DISTORTION_7B.03.00.fits'
2017-06-01 23:17:14,923 - INFO - Reading 'DISTORTION' model from '/Users/kendrew//CDP/MIRI_FM_MIRIMAGE_P750L_DISTORTION_06.02.00.fits'
2017-06-01 23:17:15,471 - INFO - Creating pointing for position 1
2017-06-01 23:17:15,472 - INFO - Creating exposure event for position 1
2017-06-01 23:17:15,473 - INFO - Reading 'DISTORTION' model from '/Users/kendrew//CDP/MIRI_FM_MIRIMAGE_P750L_DISTORTION_06.02.00.fits'
2017-06-01 23:17:15,656 - INFO - Reading 'DISTORTION' model from '/Users/kendrew//CDP/MIRI_FM_MIRIMAGE_DISTORTION_7B.03.00.fits'
2017-06-01 23:17:16,192 - INFO - Observation simulation started.
2017-06-01 23:17:16,192 - INFO - Simulating ExposureEvent for pointing 1
2017-06-01 23:17:16,192 - INFO - Simulating Lrs exposures for pointing 1
2017-06-01 23:17:16,193 - INFO - Simulating detector illumination for Lrs exposures for pointing 1
2017-06-01 23:17:16,193 - INFO - lrs simulator processing  cfgpath=LRS_SLITLESS
2017-06-01 23:17:16,193 - INFO - CDP PSF is taken
2017-06-01 23:17:16,195 - INFO - Reading 'DISTORTION' model from '/Users/kendrew//CDP/MIRI_FM_MIRIMAGE_P750L_DISTORTION_06.02.00.fits'
2017-06-01 23:17:16,401 - INFO - Retrieving PCE CDP for filter : P750L
2017-06-01 23:17:16,402 - INFO - Reading 'PCE' model from '/Users/kendrew//CDP/MIRI_FM_MIRIMAGE_P750L_SLITLESSPRISM_PCE_06.00.00.fits'
2017-06-01 23:17:16,589 - INFO - Reading 'AREA' model from '/Users/kendrew//CDP/MIRI_FM_MIRIMAGE_AREA_06.00.00.fits'
2017-06-01 23:17:16,776 - INFO - v2_ref= -378.863612, v3_ref=-351.831636 , v2_off=0.000000, v3_off=0.000000, pa=0.000000
2017-06-01 23:17:16,778 - INFO - Reading 'DISTORTION' model from '/Users/kendrew//CDP/MIRI_FM_MIRIMAGE_DISTORTION_7B.03.00.fits'
2017-06-01 23:17:17,213 - INFO - Reading 'DISTORTION' model from '/Users/kendrew//CDP/MIRI_FM_MIRIMAGE_DISTORTION_7B.03.00.fits'
2017-06-01 23:17:17,651 - INFO - Reading 'DISTORTION' model from '/Users/kendrew//CDP/MIRI_FM_MIRIMAGE_P750L_DISTORTION_06.02.00.fits'
2017-06-01 23:17:18,367 - INFO - Reading 'PSF' model from '/Users/kendrew//CDP/MIRI_FM_MIRIMAGE_P750L_SLITLESSPRISM_PSF_06.02.00.fits'
2017-06-01 23:17:18,584 - INFO - 1 point sources in scene
2017-06-01 23:17:18,585 - INFO - point source no: 0
2017-06-01 23:17:18,963 - INFO - no extended sources are computed
2017-06-01 23:17:18,964 - INFO - lrs simulator processing in extract_sky_cube in mirisim.lrssim.lrs
2017-06-01 23:17:18,964 - INFO - no scenecube sources in scene
2017-06-01 23:17:18,964 - INFO - no fits skyCube sources are computed
2017-06-01 23:17:18,964 - INFO - lrs simulator processing in get_background_from_scene_lrs in mirisim.lrssim.lrs
2017-06-01 23:17:18,964 - INFO - 1 backgrounds available in scene
2017-06-01 23:17:19,721 - INFO - Wrote illumination model: 20170601_231706_mirisim/illum_models/illum_model_1_MIRIMAGE_P750L.fits
2017-06-01 23:17:19,722 - INFO - Simulating integrated detector images for Lrs exposures for pointing 1
2017-06-01 23:17:19,722 - INFO - Simulating IMA exposure 1
2017-06-01 23:17:19,731 - INFO - Running SCASim
2017-06-01 23:17:19,732 - INFO - Simulating detector readout for MIRIMAGE from illumination data model of shape (416, 72).
2017-06-01 23:17:19,773 - INFO - Results will be returned in an exposure data model.
2017-06-01 23:17:19,883 - INFO -   Detector readout mode is FAST (nsample=1, nframe=1, groupgap=0) 
  with 1 integrations and ngroups=100 defined explicitly.
  Detector subarray mode is SLITLESSPRISM (529 1 416 72).
2017-06-01 23:17:19,883 - INFO - Detector temperature = 6.70 K (which affects dark current and read noise).
2017-06-01 23:17:19,883 - INFO - Cosmic ray environment is SOLAR_MIN.
2017-06-01 23:17:19,885 - INFO - Reading cosmic ray library file: '/Users/kendrew/anaconda/envs/miricle.devel/lib/python2.7/site-packages/miri/simulators/data/cosmic_rays/CRs_SiAs_35_SUNMIN_02.fits'
2017-06-01 23:17:19,914 - INFO - Simulation control flags:
	Quantum efficiency simulation turned OFF.
	Poisson noise simulation turned ON.
	Read noise simulation turned ON.
	Reference pixels simulation turned ON.
	Bad pixels simulation turned ON.
	Dark current simulation turned ON.
	Flat-field simulation turned ON.
	Amplifier bias and gain turned ON.
	Detector non-linearity effects turned ON.
	Detector drift effects turned ON.
	Detector latency effects turned ON.
2017-06-01 23:17:19,915 - INFO - Creating a new detector object for 1024 rows x 1024 columns.
2017-06-01 23:17:24,374 - INFO - Reading 'MASK' model from '/Users/kendrew//CDP/MIRI_FM_MIRIMAGE_MASK_06.02.00.fits'
2017-06-01 23:17:24,576 - INFO - Reading 'DARK' model from '/Users/kendrew/anaconda/envs/miricle.devel/lib/python2.7/site-packages/miri/simulators/data/detector/MIRI_FM_MIRIMAGE_FAST_DARK.fits'
2017-06-01 23:17:25,185 - INFO - Reading 'PIXELFLAT' model from '/Users/kendrew//CDP/MIRI_FM_MIRIMAGE_P750L_SLITLESSPRISM_PIXELFLAT_06.01.00.fits'
2017-06-01 23:17:25,398 - WARNING - Could not find exact match for pixel flat-field for detector MIRIMAGE with FAST mode with filter='P750L'. An alternative is being used.
2017-06-01 23:17:25,414 - INFO - Reading 'GAIN' model from '/Users/kendrew//CDP/MIRI_FM_MIRIMAGE_GAIN_04.00.00.fits'
2017-06-01 23:17:25,601 - INFO - Reading 'READNOISE' model from '/Users/kendrew//CDP/MIRI_FM_MIRIMAGE_FAST_READNOISE_06.01.00.fits'
2017-06-01 23:17:25,750 - INFO - Creating exposure_data with 520 rows x 72 columns plus 100 groups and 1 ints.
2017-06-01 23:17:26,007 - INFO - Simulating 1 integration.
2017-06-01 23:17:26,132 - INFO - Simulating 100 groups for integration 1.
2017-06-01 23:18:04,658 - INFO - Exposure time 11.78s (duration 11.81s) 
2017-06-01 23:18:05,157 - INFO - Wrote detector image: 20170601_231706_mirisim/det_images/det_image_1_MIRIMAGE_P750Lexp1.fits
2017-06-01 23:18:05,157 - INFO - MIRI Simulation finished. Results have been saved to: 20170601_231706_mirisim

